<?xml version="1.0" encoding="UTF-8"?>
<testsuite name="br.gov.sp.fatec.mapskills.report.restapi.ReportControllerTest" time="3.113" tests="8" errors="0" skipped="0" failures="0">
  <properties>
[...]
</properties>
  <testcase name="reportStudentResultTest" classname="br.gov.sp.fatec.mapskills.report.restapi.ReportControllerTest" time="0.005"/>
  <testcase name="getInstitutionSuperiorIndicator" classname="br.gov.sp.fatec.mapskills.report.restapi.ReportControllerTest" time="0.006"/>
  <testcase name="getInstitutionLevelIndicator" classname="br.gov.sp.fatec.mapskills.report.restapi.ReportControllerTest" time="0.014"/>
  <testcase name="getInstitutionTechnicalIndicator" classname="br.gov.sp.fatec.mapskills.report.restapi.ReportControllerTest" time="0.016"/>
  <testcase name="downloadTest" classname="br.gov.sp.fatec.mapskills.report.restapi.ReportControllerTest" time="0.64"/>
  <testcase name="reportStudentResultWithParamTest" classname="br.gov.sp.fatec.mapskills.report.restapi.ReportControllerTest" time="0.642"/>
  <testcase name="getStudentResultTest" classname="br.gov.sp.fatec.mapskills.report.restapi.ReportControllerTest" time="1.061"/>
  <testcase name="getInstitutionCoursesIndicator" classname="br.gov.sp.fatec.mapskills.report.restapi.ReportControllerTest" time="0.729"/>
</testsuite>